%!Adobe-FontList 1.24
%Locale:0x409

%BeginFont
Handler:DirectoryHandler
FontType:TrueType
FontName:Hero-Regular
FamilyName:Hero
StyleName:Regular
FullName:Hero Regular
MenuName:Hero
StyleBits:0
WritingScript:Roman
OutlineFileName:D:\Karim CG Visuals\Ivy Park\BROCHURE\Ivy Park Brochure package\Document fonts\Hero-Regular.ttf
DataFormat:sfntData
hasSVG:no
hasCOLR:no
VariableFontType:NonVariableFont
FileLength:71264
FileModTime:1758533686
WeightClass:400
WidthClass:5
AngleClass:0
NameArray:0,Mac,4,Hero Regular
NameArray:0,Win,1,Hero
%EndFont

%BeginFont
Handler:DirectoryHandler
FontType:Type1
FontName: hero_regularPro-Regular
FamilyName: hero_regular Pro
StyleName:Regular
FullName: hero_regular Pro
MenuName: hero_regular Pro
StyleBits:0
WritingScript:Roman
OutlineFileName:D:\Karim CG Visuals\Ivy Park\BROCHURE\Ivy Park Brochure package\Document fonts\ hero_regularPro-Regular.otf
DataFormat:sfntData
UsesStandardEncoding:yes
isCFF:yes
hasSVG:no
hasCOLR:no
VariableFontType:NonVariableFont
FileLength:218640
FileModTime:1758533686
WeightClass:400
WidthClass:5
AngleClass:0
DesignSize:110
NameArray:0,Mac,4, hero_regular Pro
NameArray:0,Win,1, hero_regular Pro
%EndFont

